Using pre-set license
Built from '2020.3/staging' branch; Version is '2020.3.21f1 (a38c86f6690f) revision 10718342'; Using compiler version '192528614'; Build Type 'Release'
OS: 'Windows 7  (6.1.0) 64bit' Language: 'en' Physical Memory: 8128 MB
BatchMode: 1, IsHumanControllingUs: 0, StartBugReporterOnCrash: 0, Is64bit: 1, IsPro: 0

COMMAND LINE ARGUMENTS:
D:\Deni\Programs\Editor\Unity.exe
-adb2
-batchMode
-noUpm
-name
AssetImportWorker0
-projectPath
D:/Deni/AC/Year 4/Sem1/MSA/Lab/MSA_Project/PianoApp
-logFile
Logs/AssetImportWorker0.log
-srvPort
51659
Successfully changed project path to: D:/Deni/AC/Year 4/Sem1/MSA/Lab/MSA_Project/PianoApp
D:/Deni/AC/Year 4/Sem1/MSA/Lab/MSA_Project/PianoApp
Using Asset Import Pipeline V2.
Refreshing native plugins compatible for Editor in 888.34 ms, found 4 plugins.
Preloading 0 native plugins for Editor in 0.00 ms.
Initialize engine version: 2020.3.21f1 (a38c86f6690f)
[Subsystems] Discovering subsystems at path D:/Deni/Programs/Editor/Data/Resources/UnitySubsystems
[Subsystems] Discovering subsystems at path D:/Deni/AC/Year 4/Sem1/MSA/Lab/MSA_Project/PianoApp/Assets
GfxDevice: creating device client; threaded=0
d3d11: CreateDXGIFactory2(...) not found, fallbacking to CreateDXGIFactory1(...).
d3d11: QueryInterface(IDXGIFactory5) failed (80004002).
Direct3D:
    Version:  Direct3D 11.0 [level 11.0]
    Renderer: Intel(R) HD Graphics 4600 (ID=0x416)
    Vendor:   
    VRAM:     1632 MB
    Driver:   9.18.10.3186
Initialize mono
Mono path[0] = 'D:/Deni/Programs/Editor/Data/Managed'
Mono path[1] = 'D:/Deni/Programs/Editor/Data/MonoBleedingEdge/lib/mono/unityjit'
Mono config path = 'D:/Deni/Programs/Editor/Data/MonoBleedingEdge/etc'
Using monoOptions --debugger-agent=transport=dt_socket,embedding=1,server=y,suspend=n,address=127.0.0.1:56416
Begin MonoManager ReloadAssembly
