Using pre-set license
Built from '2020.3/staging' branch; Version is '2020.3.21f1 (a38c86f6690f) revision 10718342'; Using compiler version '192528614'; Build Type 'Release'
OS: 'Windows 10 Pro; OS build 19042.1288; Version 2009; 64bit' Language: 'en' Physical Memory: 16319 MB
BatchMode: 1, IsHumanControllingUs: 0, StartBugReporterOnCrash: 0, Is64bit: 1, IsPro: 0

COMMAND LINE ARGUMENTS:
C:\Program Files\Unity\Hub\Editor\2020.3.21f1\Editor\Unity.exe
-adb2
-batchMode
-noUpm
-name
AssetImportWorker0
-projectPath
C:/Users/IoanaL/RiderProjects/MSA_Project/PianoApp
-logFile
Logs/AssetImportWorker0.log
-srvPort
55779
Successfully changed project path to: C:/Users/IoanaL/RiderProjects/MSA_Project/PianoApp
C:/Users/IoanaL/RiderProjects/MSA_Project/PianoApp
Using Asset Import Pipeline V2.
Refreshing native plugins compatible for Editor in 40.98 ms, found 3 plugins.
Preloading 0 native plugins for Editor in 0.00 ms.
Initialize engine version: 2020.3.21f1 (a38c86f6690f)
[Subsystems] Discovering subsystems at path C:/Program Files/Unity/Hub/Editor/2020.3.21f1/Editor/Data/Resources/UnitySubsystems
[Subsystems] Discovering subsystems at path C:/Users/IoanaL/RiderProjects/MSA_Project/PianoApp/Assets
GfxDevice: creating device client; threaded=0
Direct3D:
    Version:  Direct3D 11.0 [level 11.1]
    Renderer: NVIDIA GeForce GTX 1650 (ID=0x1f82)
    Vendor:   
    VRAM:     3962 MB
    Driver:   27.21.14.5671
Initialize mono
Mono path[0] = 'C:/Program Files/Unity/Hub/Editor/2020.3.21f1/Editor/Data/Managed'
Mono path[1] = 'C:/Program Files/Unity/Hub/Editor/2020.3.21f1/Editor/Data/MonoBleedingEdge/lib/mono/unityjit'
Mono config path = 'C:/Program Files/Unity/Hub/Editor/2020.3.21f1/Editor/Data/MonoBleedingEdge/etc'
Using monoOptions --debugger-agent=transport=dt_socket,embedding=1,server=y,suspend=n,address=127.0.0.1:56688
Begin MonoManager ReloadAssembly
Registering precompiled unity dll's ...
Register platform support module: C:/Program Files/Unity/Hub/Editor/2020.3.21f1/Editor/Data/PlaybackEngines/WindowsStandaloneSupport/UnityEditor.WindowsStandalone.Extensions.dll
Registered in 0.002185 seconds.
Native extension for WindowsStandalone target not found
Refreshing native plugins compatible for Editor in 35.81 ms, found 3 plugins.
Preloading 0 native plugins for Editor in 0.00 ms.
Mono: successfully reloaded assembly
- Completed reload, in  1.023 seconds
Domain Reload Profiling:
	ReloadAssembly (1024ms)
		BeginReloadAssembly (49ms)
			ExecutionOrderSort (0ms)
			DisableScriptedObjects (0ms)
			BackupInstance (0ms)
			ReleaseScriptingObjects (0ms)
			CreateAndSetChildDomain (1ms)
		EndReloadAssembly (378ms)
			LoadAssemblies (47ms)
			RebuildTransferFunctionScriptingTraits (0ms)
			SetupTypeCache (130ms)
			ReleaseScriptCaches (0ms)
			RebuildScriptCaches (27ms)
			SetupLoadedEditorAssemblies (140ms)
				LogAssemblyErrors (0ms)
				InitializePlatformSupportModulesInManaged (3ms)
				SetLoadedEditorAssemblies (0ms)
				RefreshPlugins (36ms)
				BeforeProcessingInitializeOnLoad (7ms)
				ProcessInitializeOnLoadAttributes (69ms)
				ProcessInitializeOnLoadMethodAttributes (25ms)
				AfterProcessingInitializeOnLoad (0ms)
				EditorAssembliesLoaded (0ms)
			ExecutionOrderSort2 (0ms)
			AwakeInstancesAfterBackupRestoration (0ms)
Platform modules already initialized, skipping
Registering precompiled user dll's ...
Registered in 0.005403 seconds.
Begin MonoManager ReloadAssembly
Native extension for WindowsStandalone target not found
Refreshing native plugins compatible for Editor in 35.31 ms, found 3 plugins.
Preloading 0 native plugins for Editor in 0.00 ms.
Mono: successfully reloaded assembly
- Completed reload, in  0.972 seconds
Domain Reload Profiling:
	ReloadAssembly (973ms)
		BeginReloadAssembly (129ms)
			ExecutionOrderSort (0ms)
			DisableScriptedObjects (4ms)
			BackupInstance (0ms)
			ReleaseScriptingObjects (0ms)
			CreateAndSetChildDomain (15ms)
		EndReloadAssembly (788ms)
			LoadAssemblies (85ms)
			RebuildTransferFunctionScriptingTraits (0ms)
			SetupTypeCache (263ms)
			ReleaseScriptCaches (0ms)
			RebuildScriptCaches (39ms)
			SetupLoadedEditorAssemblies (300ms)
				LogAssemblyErrors (0ms)
				InitializePlatformSupportModulesInManaged (4ms)
				SetLoadedEditorAssemblies (0ms)
				RefreshPlugins (35ms)
				BeforeProcessingInitializeOnLoad (62ms)
				ProcessInitializeOnLoadAttributes (178ms)
				ProcessInitializeOnLoadMethodAttributes (14ms)
				AfterProcessingInitializeOnLoad (7ms)
				EditorAssembliesLoaded (0ms)
			ExecutionOrderSort2 (0ms)
			AwakeInstancesAfterBackupRestoration (6ms)
Platform modules already initialized, skipping
========================================================================
Worker process is ready to serve import requests
Launched and connected shader compiler UnityShaderCompiler.exe after 0.10 seconds
Refreshing native plugins compatible for Editor in 0.52 ms, found 3 plugins.
Preloading 0 native plugins for Editor in 0.00 ms.
Unloading 2182 Unused Serialized files (Serialized files now loaded: 0)
System memory in use before: 95.4 MB.
System memory in use after: 95.5 MB.

Unloading 28 unused Assets to reduce memory usage. Loaded Objects now: 2615.
Total: 3.101300 ms (FindLiveObjects: 0.186100 ms CreateObjectMapping: 0.081700 ms MarkObjects: 2.732100 ms  DeleteObjects: 0.100500 ms)

AssetImportParameters requested are different than current active one (requested -> active):
  custom:framework-win-MediaFoundation: 216162199b28c13a410421893ffa2e32 -> 
  custom:video-decoder-ogg-theora: a1e56fd34408186e4bbccfd4996cb3dc -> 
  custom:container-muxer-webm: aa71ff27fc2769a1b78a27578f13a17b -> 
  custom:container-demuxer-webm: 4f35f7cbe854078d1ac9338744f61a02 -> 
  custom:container-demuxer-ogg: 62fdf1f143b41e24485cea50d1cbac27 -> 
  custom:video-encoder-webm-vp8: eb34c28f22e8b96e1ab97ce403110664 -> 
  custom:video-decoder-webm-vp8: 9c59270c3fd7afecdb556c50c9e8de78 -> 
  custom:audio-decoder-ogg-vorbis: bf7c407c2cedff20999df2af8eb42d56 -> 
  custom:audio-encoder-webm-vorbis: bf7c407c2cedff20999df2af8eb42d56 -> 
========================================================================
Received Import Request.
  path: Assets/Scenes
  artifactKey: Guid(7ad058cca50c49e49812ad289719fc9f) Importer(815301076,1909f56bfc062723c751e8b465ee728b)
Start importing Assets/Scenes using Guid(7ad058cca50c49e49812ad289719fc9f) Importer(815301076,1909f56bfc062723c751e8b465ee728b)  -> (artifact id: 'a36d4fac722bc1159ff04efd55108c60') in 0.007481 seconds 
  Import took 0.011111 seconds .

========================================================================
Received Import Request.
  Time since last request: 78.841226 seconds.
  path: Assets/Scenes/SampleScene.unity
  artifactKey: Guid(2cda990e2423bbf4892e6590ba056729) Importer(815301076,1909f56bfc062723c751e8b465ee728b)
Start importing Assets/Scenes/SampleScene.unity using Guid(2cda990e2423bbf4892e6590ba056729) Importer(815301076,1909f56bfc062723c751e8b465ee728b)  -> (artifact id: 'aa27944bdea339c97c39027c7eea529c') in 0.010998 seconds 
  Import took 0.013873 seconds .

========================================================================
Received Import Request.
  Time since last request: 23.420288 seconds.
  path: Assets/Scenes/KeyboardScene.unity
  artifactKey: Guid(e35a80b703a1a134790e79cd415f7f41) Importer(815301076,1909f56bfc062723c751e8b465ee728b)
Start importing Assets/Scenes/KeyboardScene.unity using Guid(e35a80b703a1a134790e79cd415f7f41) Importer(815301076,1909f56bfc062723c751e8b465ee728b)  -> (artifact id: '3a3d83d8c82d776495d30c93f12b3451') in 0.005829 seconds 
  Import took 0.008810 seconds .

========================================================================
Received Import Request.
  Time since last request: 250.137146 seconds.
  path: Assets/Scenes/New SceneTemplate.scenetemplate
  artifactKey: Guid(cbc73642a6490f744a659caaaa651766) Importer(815301076,1909f56bfc062723c751e8b465ee728b)
Start importing Assets/Scenes/New SceneTemplate.scenetemplate using Guid(cbc73642a6490f744a659caaaa651766) Importer(815301076,1909f56bfc062723c751e8b465ee728b)  -> (artifact id: 'fb34e2ba708471318be9ebabb5a35094') in 0.031012 seconds 
  Import took 0.034145 seconds .

========================================================================
Received Import Request.
  Time since last request: 13.519823 seconds.
  path: Assets/Scenes/KeyboardScene.unity
  artifactKey: Guid(e35a80b703a1a134790e79cd415f7f41) Importer(815301076,1909f56bfc062723c751e8b465ee728b)
Start importing Assets/Scenes/KeyboardScene.unity using Guid(e35a80b703a1a134790e79cd415f7f41) Importer(815301076,1909f56bfc062723c751e8b465ee728b)  -> (artifact id: 'b81ddf01d55f2d8ebbb737121b12b397') in 0.004752 seconds 
  Import took 0.007791 seconds .

========================================================================
Received Import Request.
  Time since last request: 588.000208 seconds.
  path: Assets
  artifactKey: Guid(00000000000000001000000000000000) Importer(815301076,1909f56bfc062723c751e8b465ee728b)
Start importing Assets using Guid(00000000000000001000000000000000) Importer(815301076,1909f56bfc062723c751e8b465ee728b)  -> (artifact id: '42d402b061de3733987d63b9cc3b64de') in 0.005386 seconds 
  Import took 0.009370 seconds .

========================================================================
Received Import Request.
  Time since last request: 26.923829 seconds.
  path: Assets/Keyboard
  artifactKey: Guid(0d8684afb1d18d74ca6672ff267df4b7) Importer(815301076,1909f56bfc062723c751e8b465ee728b)
Start importing Assets/Keyboard using Guid(0d8684afb1d18d74ca6672ff267df4b7) Importer(815301076,1909f56bfc062723c751e8b465ee728b)  -> (artifact id: 'e1acf6d0268cfb0f20d07dee1c1c0659') in 0.005361 seconds 
  Import took 0.008191 seconds .

========================================================================
Received Import Request.
  Time since last request: 12.783894 seconds.
  path: Assets/Keyboard/Keys
  artifactKey: Guid(607240df59302b540b22c0523a374373) Importer(815301076,1909f56bfc062723c751e8b465ee728b)
Start importing Assets/Keyboard/Keys using Guid(607240df59302b540b22c0523a374373) Importer(815301076,1909f56bfc062723c751e8b465ee728b)  -> (artifact id: '3779721c85630e732ac08bdae4d11335') in 0.004887 seconds 
  Import took 0.007676 seconds .

========================================================================
Received Import Request.
  Time since last request: 320.546315 seconds.
  path: Assets/Scenes/KeyboardScene.unity
  artifactKey: Guid(e35a80b703a1a134790e79cd415f7f41) Importer(815301076,1909f56bfc062723c751e8b465ee728b)
Start importing Assets/Scenes/KeyboardScene.unity using Guid(e35a80b703a1a134790e79cd415f7f41) Importer(815301076,1909f56bfc062723c751e8b465ee728b)  -> (artifact id: '209dd29c12f9f062d8c1fa8b4dd4edc2') in 0.004059 seconds 
  Import took 0.007270 seconds .

========================================================================
Received Import Request.
  Time since last request: 987.790201 seconds.
  path: Assets/Keyboard/Keys/WhiteLeftKey.png
  artifactKey: Guid(937c4e1f570a8514ea0c084e680abc8b) Importer(815301076,1909f56bfc062723c751e8b465ee728b)
Start importing Assets/Keyboard/Keys/WhiteLeftKey.png using Guid(937c4e1f570a8514ea0c084e680abc8b) Importer(815301076,1909f56bfc062723c751e8b465ee728b)  -> (artifact id: '83f8351ba71c0c285810e6386a7829a2') in 0.075849 seconds 
  Import took 0.079422 seconds .

========================================================================
Received Import Request.
  Time since last request: 27.010501 seconds.
  path: Assets/Keyboard/Keys/WhiteMiddleKey.png
  artifactKey: Guid(b821053227e5b1343bb659d7fcdb6094) Importer(815301076,1909f56bfc062723c751e8b465ee728b)
Start importing Assets/Keyboard/Keys/WhiteMiddleKey.png using Guid(b821053227e5b1343bb659d7fcdb6094) Importer(815301076,1909f56bfc062723c751e8b465ee728b)  -> (artifact id: '95ddd217dd7cf99219c323f05a298374') in 0.018232 seconds 
  Import took 0.021510 seconds .

========================================================================
Received Import Request.
  Time since last request: 2.226303 seconds.
  path: Assets/Keyboard/Keys/WhiteRightKey.png
  artifactKey: Guid(abae474901ef1d64cbb158802119f17f) Importer(815301076,1909f56bfc062723c751e8b465ee728b)
Start importing Assets/Keyboard/Keys/WhiteRightKey.png using Guid(abae474901ef1d64cbb158802119f17f) Importer(815301076,1909f56bfc062723c751e8b465ee728b)  -> (artifact id: 'fe10412b6fd4bbd1540bab4f9e1ffc3c') in 0.022350 seconds 
  Import took 0.025316 seconds .

========================================================================
Received Import Request.
  Time since last request: 5.092676 seconds.
  path: Assets/Keyboard/Keys/BlackKey.png
  artifactKey: Guid(70f41ffc13a371f42982a6fa673104e5) Importer(815301076,1909f56bfc062723c751e8b465ee728b)
Start importing Assets/Keyboard/Keys/BlackKey.png using Guid(70f41ffc13a371f42982a6fa673104e5) Importer(815301076,1909f56bfc062723c751e8b465ee728b)  -> (artifact id: '3737dbe06b298d8c40824b54ffac5fc6') in 0.018030 seconds 
  Import took 0.021266 seconds .

========================================================================
Received Import Request.
  Time since last request: 184.303267 seconds.
  path: Assets/Keyboard/Keys/WhiteLeftKey.png
  artifactKey: Guid(937c4e1f570a8514ea0c084e680abc8b) Importer(815301076,1909f56bfc062723c751e8b465ee728b)
Start importing Assets/Keyboard/Keys/WhiteLeftKey.png using Guid(937c4e1f570a8514ea0c084e680abc8b) Importer(815301076,1909f56bfc062723c751e8b465ee728b)  -> (artifact id: '37592493999a12565c72586440fa2fa2') in 0.015862 seconds 
  Import took 0.018974 seconds .

========================================================================
Received Prepare
Registering precompiled user dll's ...
Registered in 0.008924 seconds.
Begin MonoManager ReloadAssembly
Native extension for WindowsStandalone target not found
Refreshing native plugins compatible for Editor in 0.42 ms, found 3 plugins.
Preloading 0 native plugins for Editor in 0.00 ms.
Mono: successfully reloaded assembly
- Completed reload, in  0.986 seconds
Domain Reload Profiling:
	ReloadAssembly (987ms)
		BeginReloadAssembly (177ms)
			ExecutionOrderSort (0ms)
			DisableScriptedObjects (11ms)
			BackupInstance (0ms)
			ReleaseScriptingObjects (0ms)
			CreateAndSetChildDomain (69ms)
		EndReloadAssembly (750ms)
			LoadAssemblies (94ms)
			RebuildTransferFunctionScriptingTraits (0ms)
			SetupTypeCache (267ms)
			ReleaseScriptCaches (1ms)
			RebuildScriptCaches (37ms)
			SetupLoadedEditorAssemblies (259ms)
				LogAssemblyErrors (0ms)
				InitializePlatformSupportModulesInManaged (5ms)
				SetLoadedEditorAssemblies (0ms)
				RefreshPlugins (0ms)
				BeforeProcessingInitializeOnLoad (60ms)
				ProcessInitializeOnLoadAttributes (176ms)
				ProcessInitializeOnLoadMethodAttributes (10ms)
				AfterProcessingInitializeOnLoad (7ms)
				EditorAssembliesLoaded (0ms)
			ExecutionOrderSort2 (0ms)
			AwakeInstancesAfterBackupRestoration (8ms)
Platform modules already initialized, skipping
Refreshing native plugins compatible for Editor in 0.42 ms, found 3 plugins.
Preloading 0 native plugins for Editor in 0.00 ms.
Unloading 2171 Unused Serialized files (Serialized files now loaded: 0)
System memory in use before: 97.8 MB.
System memory in use after: 97.9 MB.

Unloading 17 unused Assets to reduce memory usage. Loaded Objects now: 2625.
Total: 2.835700 ms (FindLiveObjects: 0.172900 ms CreateObjectMapping: 0.072600 ms MarkObjects: 2.570200 ms  DeleteObjects: 0.019000 ms)

AssetImportParameters requested are different than current active one (requested -> active):
  custom:framework-win-MediaFoundation: 216162199b28c13a410421893ffa2e32 -> 
  custom:video-decoder-ogg-theora: a1e56fd34408186e4bbccfd4996cb3dc -> 
  custom:container-muxer-webm: aa71ff27fc2769a1b78a27578f13a17b -> 
  custom:container-demuxer-webm: 4f35f7cbe854078d1ac9338744f61a02 -> 
  custom:container-demuxer-ogg: 62fdf1f143b41e24485cea50d1cbac27 -> 
  custom:video-encoder-webm-vp8: eb34c28f22e8b96e1ab97ce403110664 -> 
  custom:video-decoder-webm-vp8: 9c59270c3fd7afecdb556c50c9e8de78 -> 
  custom:audio-decoder-ogg-vorbis: bf7c407c2cedff20999df2af8eb42d56 -> 
  custom:audio-encoder-webm-vorbis: bf7c407c2cedff20999df2af8eb42d56 -> 
